proguard/seeds.txt
com.dpli.About
com.dpli.About: About()
com.dpli.About: void btn_ezetap_about_us_callClicked(android.view.View)
com.dpli.BankSelection
com.dpli.BankSelection: BankSelection()
com.dpli.ChequeDetails
com.dpli.ChequeDetails: ChequeDetails()
com.dpli.ChequeDetails: void btn_cheque_details_bank_nameClicked(android.view.View)
com.dpli.ChequeDetails: void btn_cheque_details_nextClicked(android.view.View)
com.dpli.ChequeDetails: void btn_cheque_details_dateClicked(android.view.View)
com.dpli.EzetapBaseActivity: EzetapBaseActivity()
com.dpli.EzetapBaseListActivity: EzetapBaseListActivity()
com.dpli.FetchPolicy
com.dpli.FetchPolicy: FetchPolicy()
com.dpli.FetchPolicy: void btn_fetch_policyClicked(android.view.View)
com.dpli.LogintoDPLI
com.dpli.LogintoDPLI: LogintoDPLI()
com.dpli.LogintoDPLI: void btn_loginClicked(android.view.View)
com.dpli.PaymentOptions
com.dpli.PaymentOptions: PaymentOptions()
com.dpli.PaymentOptions: void btn_cash_pymtClicked(android.view.View)
com.dpli.PaymentOptions: void btn_card_pymtClicked(android.view.View)
com.dpli.PaymentOptions: void btn_cheque_pymtClicked(android.view.View)
com.dpli.PaymentOptions: void btn_dd_pymtClicked(android.view.View)
com.dpli.R$color: int eze_black
com.dpli.R$color: int eze_blue
com.dpli.R$color: int eze_dark_gray
com.dpli.R$color: int eze_gray
com.dpli.R$color: int eze_green
com.dpli.R$color: int eze_light_gray
com.dpli.R$color: int eze_light_green
com.dpli.R$color: int eze_orange
com.dpli.R$color: int eze_red
com.dpli.R$color: int eze_white
com.dpli.R$color: int focu1
com.dpli.R$color: int focu2
com.dpli.R$color: int header_gradient_bottom
com.dpli.R$color: int header_gradient_center
com.dpli.R$color: int header_gradient_top
com.dpli.R$color: int light_gray
com.dpli.R$color: int norm1
com.dpli.R$color: int norm2
com.dpli.R$color: int pressed1
com.dpli.R$color: int pressed2
com.dpli.R$color: int receipt_body_background
com.dpli.R$color: int stro2
com.dpli.R$drawable: int alert
com.dpli.R$drawable: int amex
com.dpli.R$drawable: int app_bg1_tile
com.dpli.R$drawable: int appicon
com.dpli.R$drawable: int arrow_right
com.dpli.R$drawable: int background
com.dpli.R$drawable: int background_blue
com.dpli.R$drawable: int badge
com.dpli.R$drawable: int bajajallianz
com.dpli.R$drawable: int barcode
com.dpli.R$drawable: int barcode_button_bg
com.dpli.R$drawable: int barcode_default
com.dpli.R$drawable: int barcode_pressed
com.dpli.R$drawable: int barcodepressed
com.dpli.R$drawable: int bg_tile
com.dpli.R$drawable: int bg_tile_blackstrip
com.dpli.R$drawable: int bg_tile_disable
com.dpli.R$drawable: int bhartiaxa
com.dpli.R$drawable: int btn_call_bg
com.dpli.R$drawable: int btn_call_disable
com.dpli.R$drawable: int btn_call_enable
com.dpli.R$drawable: int btn_option_menu
com.dpli.R$drawable: int btn_print_disable
com.dpli.R$drawable: int btn_print_enable
com.dpli.R$drawable: int btn_sign_bg
com.dpli.R$drawable: int btn_sign_disable
com.dpli.R$drawable: int btn_sign_enable
com.dpli.R$drawable: int btn_void_bg
com.dpli.R$drawable: int btn_void_disable
com.dpli.R$drawable: int btn_void_enable
com.dpli.R$drawable: int button_bg
com.dpli.R$drawable: int button_blue
com.dpli.R$drawable: int button_default
com.dpli.R$drawable: int button_gray_default
com.dpli.R$drawable: int button_gray_pressed
com.dpli.R$drawable: int button_gray_with_icon
com.dpli.R$drawable: int button_icon_default
com.dpli.R$drawable: int button_icon_pressed
...
com.ezetap.android.api.caller.helper.EzetapUpdateActivity
com.ezetap.android.api.caller.helper.EzetapUpdateActivity: EzetapUpdateActivity()
com.ezetap.android.api.caller.helper.EzetapUpdateDetailActivity
com.ezetap.android.api.caller.helper.EzetapUpdateDetailActivity: EzetapUpdateDetailActivity()
com.ezetap.android.api.caller.helper.EzetapUpdateDetailActivity: void okClicked(android.view.View)
com.ezetap.android.api.caller.helper.EzetapUpdateDetailActivity: void cancelClicked(android.view.View)
com.ezetap.android.api.caller.helper.FeedbackHelperActivity
com.ezetap.android.api.caller.helper.FeedbackHelperActivity: FeedbackHelperActivity()
com.ezetap.android.api.caller.helper.FetchAboutDetailsHelper
com.ezetap.android.api.caller.helper.FetchAboutDetailsHelper: FetchAboutDetailsHelper()
com.ezetap.android.api.caller.helper.TransactionDetailActivity
com.ezetap.android.api.caller.helper.TransactionDetailActivity: TransactionDetailActivity()
com.ezetap.android.utils.TextMaskingTransformationMethod$MASK_TYPE: com.ezetap.android.utils.TextMaskingTransformationMethod$MASK_TYPE[] values()
com.ezetap.android.utils.TextMaskingTransformationMethod$MASK_TYPE: com.ezetap.android.utils.TextMaskingTransformationMethod$MASK_TYPE valueOf(java.lang.String)
com.ezetap.utils.CalendarView
com.ezetap.utils.CalendarView: CalendarView()
com.ezetap.utils.EzeConstants$Channel: com.ezetap.utils.EzeConstants$Channel[] values()
com.ezetap.utils.EzeConstants$Channel: com.ezetap.utils.EzeConstants$Channel valueOf(java.lang.String)
com.ezetap.utils.EzeConstants$ChannelSelectionMode: com.ezetap.utils.EzeConstants$ChannelSelectionMode[] values()
com.ezetap.utils.EzeConstants$ChannelSelectionMode: com.ezetap.utils.EzeConstants$ChannelSelectionMode valueOf(java.lang.String)
com.ezetap.utils.EzetapDownloadActivity
com.ezetap.utils.EzetapDownloadActivity: EzetapDownloadActivity()
com.ezetap.utils.MyButton
com.ezetap.utils.MyButton: MyButton(android.content.Context)
com.ezetap.utils.MyButton: MyButton(android.content.Context,android.util.AttributeSet)
com.ezetap.utils.MyButton: MyButton(android.content.Context,android.util.AttributeSet,int)
com.ezetap.utils.MyTextView
com.ezetap.utils.MyTextView: MyTextView(android.content.Context)
com.ezetap.utils.MyTextView: MyTextView(android.content.Context,android.util.AttributeSet)
com.ezetap.utils.MyTextView: MyTextView(android.content.Context,android.util.AttributeSet,int)
com.ezetap.utils.TextInputFilter$FILTER_TYPE: com.ezetap.utils.TextInputFilter$FILTER_TYPE[] values()
com.ezetap.utils.TextInputFilter$FILTER_TYPE: com.ezetap.utils.TextInputFilter$FILTER_TYPE valueOf(java.lang.String)