proguard/mapping.txt
com.dpli.About -> com.dpli.About:
    com.ezetap.android.context.EzetapUIContext ctx -> a
    android.os.Vibrator mVibrator -> b
    android.app.Activity context -> c
    boolean JSResponse -> d
    void onCreate(android.os.Bundle) -> onCreate
    void onStart() -> onStart
    void btn_ezetap_about_us_callClicked(android.view.View) -> btn_ezetap_about_us_callClicked
    void onActivityResult(int,int,android.content.Intent) -> onActivityResult
    java.lang.String compute_lbl_ezetap_about_app_name() -> a
    java.lang.String compute_lbl_ezetap_about_app_version() -> b
    java.lang.String compute_lbl_ezetap_about_genmode_value() -> c
    java.lang.String compute_lbl_ezetap_about_imei_no() -> d
    void onBackPressed() -> onBackPressed
    boolean onCreateOptionsMenu(android.view.Menu) -> onCreateOptionsMenu
    boolean onOptionsItemSelected(android.view.MenuItem) -> onOptionsItemSelected
    void sendResponseTOJS(java.lang.String,org.json.JSONObject) -> a
com.dpli.BankRow -> com.dpli.a:
    com.ezetap.android.context.EzetapUIContext ctx -> a
    int id -> b
    android.view.LayoutInflater inflater -> c
    com.dpli.BankSelection parent -> d
    android.os.Vibrator mVibrator -> e
    java.lang.Object getItem(int) -> getItem
    int getCount() -> getCount
    long getItemId(int) -> getItemId
    android.view.View getView(int,android.view.View,android.view.ViewGroup) -> getView
    void notifyDataSetChanged() -> notifyDataSetChanged
com.dpli.BankRow$BankRowViewHolder -> com.dpli.b:
    android.widget.TextView lbl_li_bs_bank_name -> a
    java.lang.Object tag -> b
    void setTag(java.lang.Object) -> a
com.dpli.BankSelection -> com.dpli.BankSelection:
    com.ezetap.android.context.EzetapUIContext ctx -> b
    android.os.Vibrator mVibrator -> c
    com.dpli.EzetapBaseListActivity activity -> d
    com.dpli.BankRow row_bank -> a
    void onCreate(android.os.Bundle) -> onCreate
    void onListItemClick(android.widget.ListView,android.view.View,int,long) -> onListItemClick
    void onActivityResult(int,int,android.content.Intent) -> onActivityResult
    java.lang.String compute_lbl_ezetap_version() -> a
    void onBackPressed() -> onBackPressed
    void onStart() -> onStart
    void onResume() -> onResume
    boolean onCreateOptionsMenu(android.view.Menu) -> onCreateOptionsMenu
    boolean onOptionsItemSelected(android.view.MenuItem) -> onOptionsItemSelected
com.dpli.ChequeDetails -> com.dpli.ChequeDetails:
    java.lang.String outputNamespace -> b
    com.ezetap.android.context.EzetapUIContext ctx -> c
    android.os.Vibrator mVibrator -> d
    com.dpli.EzetapBaseListActivity activity -> e
    com.dpli.NoRow lst_item_bank_row -> a
    void onCreate(android.os.Bundle) -> onCreate
    void btn_cheque_details_bank_nameClicked(android.view.View) -> btn_cheque_details_bank_nameClicked
    void btn_cheque_details_nextClicked(android.view.View) -> btn_cheque_details_nextClicked
    void btn_cheque_details_dateClicked(android.view.View) -> btn_cheque_details_dateClicked
    void onListItemClick(android.widget.ListView,android.view.View,int,long) -> onListItemClick
    void onActivityResult(int,int,android.content.Intent) -> onActivityResult
    java.lang.String compute_lbl_ezetap_version() -> a
    void onBackPressed() -> onBackPressed
    void onStart() -> onStart
    void onResume() -> onResume
    boolean onCreateOptionsMenu(android.view.Menu) -> onCreateOptionsMenu
    boolean onOptionsItemSelected(android.view.MenuItem) -> onOptionsItemSelected
...
com.ezetap.utils.CalendarView$3 -> com.ezetap.utils.d:
    com.ezetap.utils.CalendarView this$0 -> a
    void onClick(android.view.View) -> onClick
com.ezetap.utils.CalendarView$4 -> com.ezetap.utils.e:
    com.ezetap.utils.CalendarView this$0 -> a
    void onItemClick(android.widget.AdapterView,android.view.View,int,long) -> onItemClick
    com.ezetap.utils.CalendarView access$0(com.ezetap.utils.CalendarView$4) -> a
com.ezetap.utils.CalendarView$4$1 -> com.ezetap.utils.f:
    com.ezetap.utils.CalendarView$4 this$1 -> a
    android.app.Dialog val$dialog -> b
    void onClick(android.view.View) -> onClick
com.ezetap.utils.CalendarView$4$2 -> com.ezetap.utils.g:
    com.ezetap.utils.CalendarView$4 this$1 -> a
    java.lang.String val$selectedGridDate -> b
    android.app.Dialog val$dialog -> c
    void onClick(android.view.View) -> onClick
com.ezetap.utils.EzetapDownloadActivity -> com.ezetap.utils.EzetapDownloadActivity:
    void onCreate(android.os.Bundle) -> onCreate
com.ezetap.utils.EzetapDownloadUtils -> com.ezetap.utils.h:
    android.app.ProgressDialog dialog -> a
    boolean bCancelled -> b
    android.os.Handler$Callback callingActivity -> c
    java.lang.String downloadedFilePath -> d
    java.lang.String url -> e
    android.app.Activity currentActivity -> g
    java.lang.String appFileName -> h
    android.os.Handler eventHandler -> f
    void start() -> a
    void startDownload() -> b
    boolean isSDCardAvailable(int) -> a
    boolean isInternalMemoryAvailable(java.lang.String,int) -> a
    android.app.Activity access$0(com.ezetap.utils.EzetapDownloadUtils) -> a
    void access$1(com.ezetap.utils.EzetapDownloadUtils) -> b
    java.lang.String access$2(com.ezetap.utils.EzetapDownloadUtils) -> c
    boolean access$3(com.ezetap.utils.EzetapDownloadUtils,int) -> a
    boolean access$4(com.ezetap.utils.EzetapDownloadUtils,java.lang.String,int) -> a
com.ezetap.utils.EzetapDownloadUtils$1 -> com.ezetap.utils.i:
    com.ezetap.utils.EzetapDownloadUtils this$0 -> a
    void handleMessage(android.os.Message) -> handleMessage
    com.ezetap.utils.EzetapDownloadUtils access$0(com.ezetap.utils.EzetapDownloadUtils$1) -> a
com.ezetap.utils.EzetapDownloadUtils$1$1 -> com.ezetap.utils.j:
    com.ezetap.utils.EzetapDownloadUtils$1 this$1 -> a
    void onClick(android.content.DialogInterface,int) -> onClick
com.ezetap.utils.EzetapDownloadUtils$2 -> com.ezetap.utils.k:
    com.ezetap.utils.EzetapDownloadUtils this$0 -> a
    void run() -> run
    com.ezetap.utils.EzetapDownloadUtils access$0(com.ezetap.utils.EzetapDownloadUtils$2) -> a
com.ezetap.utils.EzetapDownloadUtils$2$1 -> com.ezetap.utils.l:
    com.ezetap.utils.EzetapDownloadUtils$2 this$1 -> a
    java.lang.IllegalStateException val$e -> b
    void run() -> run
com.ezetap.utils.EzetapDownloadUtils$2$1$1 -> com.ezetap.utils.m:
    com.ezetap.utils.EzetapDownloadUtils$2$1 this$2 -> a
    void onClick(android.content.DialogInterface,int) -> onClick
com.ezetap.utils.EzetapDownloadUtils$2$2 -> com.ezetap.utils.n:
    com.ezetap.utils.EzetapDownloadUtils$2 this$1 -> a
    java.lang.Exception val$e -> b
    void run() -> run
com.ezetap.utils.EzetapDownloadUtils$2$2$1 -> com.ezetap.utils.o:
    com.ezetap.utils.EzetapDownloadUtils$2$2 this$2 -> a
    void onClick(android.content.DialogInterface,int) -> onClick
com.ezetap.utils.JUtils -> com.ezetap.utils.p:
    void updateSharedPreferrence(java.lang.String,long,android.app.Activity) -> a
    long getLongSharedPreferrence(java.lang.String,android.app.Activity) -> a
    void startLauncherActivity(android.app.Activity) -> a
    java.util.Locale getLocale(android.app.Activity) -> b
    java.lang.String getLanguage(android.app.Activity) -> c
    boolean isPureAscii(java.lang.String) -> a
    java.lang.String isJSONValid(java.lang.String) -> b
    boolean isEmailValid(java.lang.String) -> c
com.ezetap.utils.MyButton -> com.ezetap.utils.MyButton:
com.ezetap.utils.MyTextView -> com.ezetap.utils.MyTextView: