proguard/usage.txt
com.dpli.About:
    176:178:private java.lang.CharSequence wrapInSpan(java.lang.CharSequence)
com.dpli.BankRow$BankRowViewHolder:
    79:79:public java.lang.Object getTag()
com.dpli.BankSelection:
    49:49:public static com.dpli.EzetapBaseListActivity getActivity()
    189:190:public void redrawComponents()
com.dpli.BuildConfig
com.dpli.ChequeDetails:
    71:71:public static com.dpli.EzetapBaseListActivity getActivity()
    314:326:public void redrawComponents()
com.dpli.FetchPolicy:
    32:32:static synthetic com.ezetap.android.context.EzetapUIContext access$0(com.dpli.FetchPolicy)
com.dpli.FetchPolicy$txt_fetch_policy_policy_no
com.dpli.NoRow$NoRowViewHolder:
    79:79:public java.lang.Object getTag()
com.dpli.R
com.dpli.R$attr
com.dpli.R$color
com.dpli.R$drawable
com.dpli.R$id
com.dpli.R$layout
com.dpli.R$menu
com.dpli.R$string
com.dpli.R$style
com.dpli.ReviewPolicy:
    319:326:private void sendResponseTOJS(java.lang.String,org.json.JSONObject)
com.dpli.Summary:
    49:49:public static com.dpli.EzetapBaseListActivity getActivity()
    102:103:public void redrawComponents()
com.dpli.TransactionHistory:
    55:55:public static com.dpli.EzetapBaseListActivity getActivity()
    194:198:public void redrawComponents()
com.dpli.TxnHistoryRow$TxnHistoryRowViewHolder:
    176:176:public java.lang.Object getTag()
com.dpli.TxnSummaryRow$TxnSummaryRowViewHolder:
    89:89:public java.lang.Object getTag()
com.dpli.api.caller.helper.FetchPolicyHelper:
    private static final java.lang.String DEBUG_TAG
    private static final java.lang.String UNSUPPORTED_API
    private static final java.lang.String UNSUPPORTED_API_MSG
com.dpli.api.caller.helper.FetchPolicyHelper$DHFLPolicyDetailFetcher:
    private static final java.lang.String apiName
com.dpli.utils.DPLIHelper:
    7:7:public DPLIHelper()
...
com.ezetap.android.utils.CustomDialog:
    public static final int ALERT_DIALOG
    public static final int PROGRESS_DIALOG
    public static final int OPTIONS_DIALOG
    55:59:public CustomDialog(android.content.Context,int)
    121:122:public void setMessageAlignment(int)
    192:208:public void setOptionButton(java.lang.CharSequence,java.lang.Object,com.ezetap.android.utils.CustomDialog$OptionButtonOnClickListner)
    216:229:public void setDismissButton(com.ezetap.android.utils.CustomDialog$DismissButtonOnClickListner,java.lang.Object)
    236:237:public void setKeyEventObserver(com.ezetap.android.utils.CustomDialog$KeyEventObserver)
    245:251:public void setDialogTitle(java.lang.CharSequence)
    260:271:public void setDialogMessageContents(java.lang.CharSequence,int)
    279:286:public void setTaskProgressCompletion(java.lang.CharSequence)
com.ezetap.android.utils.CustomDialog$2
com.ezetap.android.utils.CustomDialog$3
com.ezetap.android.utils.CustomDialog$DismissButtonOnClickListner
com.ezetap.android.utils.CustomDialog$OptionButtonOnClickListner
com.ezetap.android.utils.EzetapConstDef
com.ezetap.android.utils.EzetapUtils:
    private static final java.lang.String DEBUG_TAG
    40:40:public EzetapUtils()
    48:62:public static java.lang.String getEMILabel(int)
    67:85:public static void setEMIButtonText(int,int,android.app.Activity)
    88:107:public static boolean getIsEMIOptionHidden(int)
    120:125:public static java.lang.Integer getIntegerValue(java.lang.Object,java.lang.String)
    129:135:public static java.lang.Double getDoubleValue(java.lang.Object,java.lang.String)
    148:148:public static java.lang.String getArrayName(java.lang.String)
    152:152:public static java.lang.String getArray(java.lang.String)
    156:157:public static boolean setFullRefresh()
    161:162:public static boolean resetFullRefresh()
    201:202:public static void showSuccess(java.lang.String,android.app.Activity)
    247:258:public static int getVersionCode(android.app.Activity)
    279:295:public static java.lang.String getEMIOptionStr()
    299:322:public static java.lang.String getEMIFeeStr(int)
    330:331:public static java.lang.Double prod(java.lang.Double,java.lang.Double)
    335:336:public static java.lang.Double prod(java.lang.Object,java.lang.Object)
    340:346:public static java.lang.Double sum(java.util.List)
    350:352:public static java.lang.Double quotient(java.lang.Double,java.lang.Double)
    356:358:public static java.lang.Double diff(java.lang.Double,java.lang.Double)
com.ezetap.android.utils.ServiceAppUtils:
    private static final java.lang.String DEBUG_TAG
    19:19:public ServiceAppUtils()
com.ezetap.android.utils.SetImageUtils:
    17:17:public SetImageUtils()
com.ezetap.android.utils.SplashImageUtils
com.ezetap.android.utils.SplashImageUtils$EzetapSplashImageFetcher
com.ezetap.android.utils.TextMaskingTransformationMethod
com.ezetap.android.utils.TextMaskingTransformationMethod$MASK_TYPE
com.ezetap.android.utils.TextMaskingTransformationMethod$MobileNumberCharSequence